--- Startup times for process: Primary/TUI ---

times in msec
 clock   self+sourced   self:  sourced script
 clock   elapsed:              other lines

000.003  000.003: --- NVIM STARTING ---
000.055  000.052: event init
000.153  000.098: early init
010.693  010.540: locale set
010.741  000.048: init first window
011.301  000.560: inits 1
011.357  000.056: window checked
011.364  000.007: parsing arguments
012.280  000.276  000.276: require('vim.shared')
012.757  000.155  000.155: require('vim.inspect')
013.034  000.264  000.264: require('vim._options')
013.039  000.751  000.332: require('vim._editor')
013.041  001.128  000.101: require('vim._init_packages')
013.049  000.557: init lua interpreter
015.735  002.686: --- NVIM STARTED ---

--- Startup times for process: Embedded ---

times in msec
 clock   self+sourced   self:  sourced script
 clock   elapsed:              other lines

000.004  000.004: --- NVIM STARTING ---
000.051  000.048: event init
000.134  000.083: early init
010.766  010.631: locale set
010.801  000.036: init first window
011.186  000.384: inits 1
011.225  000.040: window checked
011.232  000.006: parsing arguments
012.134  000.268  000.268: require('vim.shared')
012.606  000.154  000.154: require('vim.inspect')
012.874  000.255  000.255: require('vim._options')
012.878  000.737  000.328: require('vim._editor')
012.881  001.100  000.094: require('vim._init_packages')
012.889  000.557: init lua interpreter
013.069  000.180: expanding arguments
013.091  000.021: inits 2
013.550  000.459: init highlight
013.552  000.003: waiting for UI
013.704  000.152: done waiting for UI
013.712  000.008: clear screen
013.994  000.035  000.035: require('vim.keymap')
015.210  000.776  000.776: require('vim.termcap')
015.354  000.117  000.117: require('vim.text')
017.625  003.910  002.981: require('vim._defaults')
017.631  000.009: init default mappings & autocommands
017.892  000.087  000.087: sourcing C:\Program Files\Neovim\share\nvim\runtime\ftplugin.vim
018.093  000.048  000.048: sourcing C:\Program Files\Neovim\share\nvim\runtime\indent.vim
018.223  000.457: sourcing vimrc file(s)
018.539  000.181  000.181: sourcing C:\Program Files\Neovim\share\nvim\runtime\filetype.lua
019.209  000.094  000.094: sourcing C:\Program Files\Neovim\share\nvim\runtime\syntax\synload.vim
019.422  000.491  000.397: sourcing C:\Program Files\Neovim\share/nvim/runtime/syntax/syntax.vim
029.647  000.390  000.390: sourcing C:\Program Files\Neovim\share\nvim\runtime\plugin\gzip.vim
031.004  000.325  000.325: sourcing C:\Program Files\Neovim\share\nvim\runtime\pack\dist\opt\matchit\plugin\matchit.vim
031.086  001.234  000.909: sourcing C:\Program Files\Neovim\share\nvim\runtime\plugin\matchit.vim
031.366  000.179  000.179: sourcing C:\Program Files\Neovim\share\nvim\runtime\plugin\matchparen.vim
031.908  000.437  000.437: sourcing C:\Program Files\Neovim\share\nvim\runtime\plugin\netrwPlugin.vim
032.452  000.410  000.410: sourcing C:\Program Files\Neovim\share\nvim\runtime\plugin\rplugin.vim
032.641  000.078  000.078: sourcing C:\Program Files\Neovim\share\nvim\runtime\plugin\shada.vim
032.790  000.037  000.037: sourcing C:\Program Files\Neovim\share\nvim\runtime\plugin\spellfile.vim
038.455  000.176  000.176: sourcing C:\Program Files\Neovim\share\nvim\runtime\plugin\tarPlugin.vim
042.395  000.069  000.069: sourcing C:\Program Files\Neovim\share\nvim\runtime\plugin\tutor.vim
047.249  000.205  000.205: sourcing C:\Program Files\Neovim\share\nvim\runtime\plugin\zipPlugin.vim
047.571  000.128  000.128: sourcing C:\Program Files\Neovim\share\nvim\runtime\plugin\editorconfig.lua
047.839  000.129  000.129: sourcing C:\Program Files\Neovim\share\nvim\runtime\plugin\man.lua
048.086  000.108  000.108: sourcing C:\Program Files\Neovim\share\nvim\runtime\plugin\osc52.lua
051.517  000.114  000.114: sourcing C:\Program Files\Neovim\share\nvim\runtime\plugin\tohtml.lua
051.579  028.991: loading rtp plugins
051.837  000.258: loading packages
052.395  000.558: loading after plugins
052.428  000.033: inits 3
054.719  002.291: reading ShaDa
054.849  000.130: opening buffers
054.887  000.039: BufEnter autocommands
054.893  000.006: editing files in windows
055.029  000.136: VimEnter autocommands
055.034  000.004: UIEnter autocommands
056.057  001.024: before starting main loop
056.492  000.435: first screen update
056.496  000.004: --- NVIM STARTED ---

